1:51:05 PM  [main] 	Initializing Control Panel
1:51:05 PM  [main] 	Windows Version:  Enterprise  64-bit
1:51:05 PM  [main] 	XAMPP Version: 5.6.37
1:51:05 PM  [main] 	Control Panel Version: 3.2.2  [ Compiled: Nov 12th 2015 ]
1:51:05 PM  [main] 	You are not running with administrator rights! This will work for
1:51:05 PM  [main] 	most application stuff but whenever you do something with services
1:51:05 PM  [main] 	there will be a security dialogue or things will break! So think 
1:51:05 PM  [main] 	about running this application with administrator rights!
1:51:05 PM  [main] 	XAMPP Installation Directory: "c:\wizardawn\"
1:51:05 PM  [main] 	Checking for prerequisites
1:51:05 PM  [main] 	All prerequisites found
1:51:05 PM  [main] 	Initializing Modules
1:51:05 PM  [Apache] 	Problem detected!
1:51:05 PM  [Apache] 	Port 443 in use by ""C:\Program Files (x86)\VMware\VMware Workstation\vmware-hostd.exe" -u "C:\ProgramData\VMware\hostd\config.xml"" with PID 6852!
1:51:05 PM  [Apache] 	Apache WILL NOT start without the configured ports free!
1:51:05 PM  [Apache] 	You need to uninstall/disable/reconfigure the blocking application
1:51:05 PM  [Apache] 	or reconfigure Apache and the Control Panel to listen on a different port
1:51:05 PM  [main] 	The FileZilla module is disabled
1:51:05 PM  [main] 	The Mercury module is disabled
1:51:05 PM  [main] 	Starting Check-Timer
1:51:05 PM  [main] 	Control Panel Ready
1:51:25 PM  [main] 	Executing "services.msc"
1:52:12 PM  [main] 	Deinitializing Modules
1:52:12 PM  [main] 	Deinitializing Control Panel

1:52:15 PM  [main] 	Initializing Control Panel
1:52:15 PM  [main] 	Windows Version:  Enterprise  64-bit
1:52:15 PM  [main] 	XAMPP Version: 5.6.37
1:52:15 PM  [main] 	Control Panel Version: 3.2.2  [ Compiled: Nov 12th 2015 ]
1:52:15 PM  [main] 	You are not running with administrator rights! This will work for
1:52:15 PM  [main] 	most application stuff but whenever you do something with services
1:52:15 PM  [main] 	there will be a security dialogue or things will break! So think 
1:52:15 PM  [main] 	about running this application with administrator rights!
1:52:15 PM  [main] 	XAMPP Installation Directory: "c:\wizardawn\"
1:52:15 PM  [main] 	Checking for prerequisites
1:52:15 PM  [main] 	All prerequisites found
1:52:15 PM  [main] 	Initializing Modules
1:52:15 PM  [main] 	The FileZilla module is disabled
1:52:15 PM  [main] 	The Mercury module is disabled
1:52:15 PM  [main] 	Enabling autostart for module "Apache"
1:52:15 PM  [main] 	Enabling autostart for module "MySQL"
1:52:15 PM  [main] 	Starting Check-Timer
1:52:15 PM  [main] 	Control Panel Ready
1:52:15 PM  [Apache] 	Autostart active: starting...
1:52:15 PM  [Apache] 	Attempting to start Apache app...
1:52:15 PM  [mysql] 	Autostart active: starting...
1:52:15 PM  [mysql] 	Attempting to start MySQL app...
1:52:16 PM  [Apache] 	Status change detected: running
1:52:16 PM  [Apache] 	Status change detected: stopped
1:52:16 PM  [Apache] 	Error: Apache shutdown unexpectedly.
1:52:16 PM  [Apache] 	This may be due to a blocked port, missing dependencies, 
1:52:16 PM  [Apache] 	improper privileges, a crash, or a shutdown by another method.
1:52:16 PM  [Apache] 	Press the Logs button to view error logs and check
1:52:16 PM  [Apache] 	the Windows Event Viewer for more clues
1:52:16 PM  [Apache] 	If you need more help, copy and post this
1:52:16 PM  [Apache] 	entire log window on the forums
1:52:23 PM  [main] 	Deinitializing Modules
1:52:23 PM  [main] 	Deinitializing Control Panel

1:55:49 PM  [main] 	Initializing Control Panel
1:55:49 PM  [main] 	Windows Version:  Enterprise  64-bit
1:55:49 PM  [main] 	XAMPP Version: 5.6.37
1:55:49 PM  [main] 	Control Panel Version: 3.2.2  [ Compiled: Nov 12th 2015 ]
1:55:49 PM  [main] 	You are not running with administrator rights! This will work for
1:55:49 PM  [main] 	most application stuff but whenever you do something with services
1:55:49 PM  [main] 	there will be a security dialogue or things will break! So think 
1:55:49 PM  [main] 	about running this application with administrator rights!
1:55:49 PM  [main] 	XAMPP Installation Directory: "c:\wizardawn\"
1:55:50 PM  [main] 	Checking for prerequisites
1:55:50 PM  [main] 	All prerequisites found
1:55:50 PM  [main] 	Initializing Modules
1:55:50 PM  [main] 	The FileZilla module is disabled
1:55:50 PM  [main] 	The Mercury module is disabled
1:55:50 PM  [main] 	The Tomcat module is disabled
1:55:50 PM  [main] 	Enabling autostart for module "Apache"
1:55:50 PM  [main] 	Enabling autostart for module "MySQL"
1:55:50 PM  [main] 	Starting Check-Timer
1:55:50 PM  [main] 	Control Panel Ready
1:55:50 PM  [Apache] 	Autostart active: starting...
1:55:50 PM  [Apache] 	Attempting to start Apache app...
1:55:50 PM  [mysql] 	Autostart active: starting...
1:55:50 PM  [mysql] 	Attempting to start MySQL app...
1:55:51 PM  [Apache] 	Status change detected: running
1:56:04 PM  [Apache] 	Attempting to stop Apache (PID: 4708)
1:56:04 PM  [Apache] 	Attempting to stop Apache (PID: 10588)
1:56:05 PM  [Apache] 	Status change detected: stopped
1:56:06 PM  [main] 	Deinitializing Modules
1:56:06 PM  [main] 	Deinitializing Control Panel

1:53:46 PM  [main] 	Initializing Control Panel
1:53:46 PM  [main] 	Windows Version:  Enterprise  64-bit
1:53:46 PM  [main] 	XAMPP Version: 5.6.37
1:53:46 PM  [main] 	Control Panel Version: 3.2.2  [ Compiled: Nov 12th 2015 ]
1:53:46 PM  [main] 	You are not running with administrator rights! This will work for
1:53:46 PM  [main] 	most application stuff but whenever you do something with services
1:53:46 PM  [main] 	there will be a security dialogue or things will break! So think 
1:53:46 PM  [main] 	about running this application with administrator rights!
1:53:46 PM  [main] 	XAMPP Installation Directory: "c:\wizardawn\"
1:53:46 PM  [main] 	Checking for prerequisites
1:53:46 PM  [main] 	All prerequisites found
1:53:46 PM  [main] 	Initializing Modules
1:53:46 PM  [main] 	The FileZilla module is disabled
1:53:46 PM  [main] 	The Mercury module is disabled
1:53:46 PM  [main] 	The Tomcat module is disabled
1:53:46 PM  [main] 	Enabling autostart for module "Apache"
1:53:46 PM  [main] 	Enabling autostart for module "MySQL"
1:53:46 PM  [main] 	Starting Check-Timer
1:53:46 PM  [main] 	Control Panel Ready
1:53:46 PM  [Apache] 	Autostart active: starting...
1:53:46 PM  [Apache] 	Attempting to start Apache app...
1:53:46 PM  [mysql] 	Autostart active: starting...
1:53:46 PM  [mysql] 	Attempting to start MySQL app...
1:53:47 PM  [Apache] 	Status change detected: running
1:53:47 PM  [Apache] 	Status change detected: stopped
1:53:47 PM  [Apache] 	Error: Apache shutdown unexpectedly.
1:53:47 PM  [Apache] 	This may be due to a blocked port, missing dependencies, 
1:53:47 PM  [Apache] 	improper privileges, a crash, or a shutdown by another method.
1:53:47 PM  [Apache] 	Press the Logs button to view error logs and check
1:53:47 PM  [Apache] 	the Windows Event Viewer for more clues
1:53:47 PM  [Apache] 	If you need more help, copy and post this
1:53:47 PM  [Apache] 	entire log window on the forums
1:55:50 PM  [Apache] 	Status change detected: running
1:56:04 PM  [Apache] 	Status change detected: stopped
1:56:04 PM  [Apache] 	Error: Apache shutdown unexpectedly.
1:56:04 PM  [Apache] 	This may be due to a blocked port, missing dependencies, 
1:56:04 PM  [Apache] 	improper privileges, a crash, or a shutdown by another method.
1:56:04 PM  [Apache] 	Press the Logs button to view error logs and check
1:56:04 PM  [Apache] 	the Windows Event Viewer for more clues
1:56:04 PM  [Apache] 	If you need more help, copy and post this
1:56:04 PM  [Apache] 	entire log window on the forums
1:57:58 PM  [main] 	Deinitializing Modules
1:57:58 PM  [main] 	Deinitializing Control Panel

1:58:36 PM  [main] 	Initializing Control Panel
1:58:36 PM  [main] 	Windows Version:  Enterprise  64-bit
1:58:36 PM  [main] 	XAMPP Version: ???
1:58:36 PM  [main] 	Control Panel Version: 3.2.2  [ Compiled: Nov 12th 2015 ]
1:58:36 PM  [main] 	You are not running with administrator rights! This will work for
1:58:36 PM  [main] 	most application stuff but whenever you do something with services
1:58:36 PM  [main] 	there will be a security dialogue or things will break! So think 
1:58:36 PM  [main] 	about running this application with administrator rights!
1:58:36 PM  [main] 	XAMPP Installation Directory: "c:\wizardawn\"
1:58:36 PM  [main] 	Checking for prerequisites
1:58:36 PM  [main] 	All prerequisites found
1:58:36 PM  [main] 	Initializing Modules
1:58:36 PM  [main] 	The FileZilla module is disabled
1:58:36 PM  [main] 	The Mercury module is disabled
1:58:36 PM  [main] 	The Tomcat module is disabled
1:58:36 PM  [main] 	Enabling autostart for module "Apache"
1:58:36 PM  [main] 	Enabling autostart for module "MySQL"
1:58:36 PM  [main] 	Starting Check-Timer
1:58:36 PM  [main] 	Control Panel Ready
1:58:37 PM  [Apache] 	Autostart active: starting...
1:58:37 PM  [Apache] 	Attempting to start Apache app...
1:58:37 PM  [mysql] 	Autostart active: starting...
1:58:37 PM  [mysql] 	Attempting to start MySQL app...
1:58:37 PM  [Apache] 	Status change detected: running
1:59:05 PM  [Apache] 	Attempting to stop Apache (PID: 5964)
1:59:05 PM  [Apache] 	Attempting to stop Apache (PID: 4992)
1:59:05 PM  [Apache] 	Status change detected: stopped
1:59:07 PM  [main] 	Deinitializing Modules
1:59:07 PM  [main] 	Deinitializing Control Panel

1:59:31 PM  [main] 	Initializing Control Panel
1:59:31 PM  [main] 	Windows Version:  Enterprise  64-bit
1:59:31 PM  [main] 	XAMPP Version: ???
1:59:31 PM  [main] 	Control Panel Version: 3.2.2  [ Compiled: Nov 12th 2015 ]
1:59:31 PM  [main] 	You are not running with administrator rights! This will work for
1:59:31 PM  [main] 	most application stuff but whenever you do something with services
1:59:31 PM  [main] 	there will be a security dialogue or things will break! So think 
1:59:31 PM  [main] 	about running this application with administrator rights!
1:59:31 PM  [main] 	XAMPP Installation Directory: "c:\wizardawn\"
1:59:31 PM  [main] 	Checking for prerequisites
1:59:32 PM  [main] 	All prerequisites found
1:59:32 PM  [main] 	Initializing Modules
1:59:32 PM  [main] 	The FileZilla module is disabled
1:59:32 PM  [main] 	The Mercury module is disabled
1:59:32 PM  [main] 	The Tomcat module is disabled
1:59:32 PM  [main] 	Enabling autostart for module "Apache"
1:59:32 PM  [main] 	Enabling autostart for module "MySQL"
1:59:32 PM  [main] 	Starting Check-Timer
1:59:32 PM  [main] 	Control Panel Ready
1:59:32 PM  [Apache] 	Autostart active: starting...
1:59:32 PM  [Apache] 	Attempting to start Apache app...
1:59:32 PM  [mysql] 	Autostart active: starting...
1:59:32 PM  [mysql] 	Attempting to start MySQL app...
1:59:33 PM  [Apache] 	Status change detected: running
1:59:40 PM  [Apache] 	Attempting to stop Apache (PID: 10900)
1:59:40 PM  [Apache] 	Attempting to stop Apache (PID: 12040)
1:59:40 PM  [Apache] 	Status change detected: stopped
1:59:42 PM  [main] 	Deinitializing Modules
1:59:42 PM  [main] 	Deinitializing Control Panel

2:00:56 PM  [main] 	Initializing Control Panel
2:00:56 PM  [main] 	Windows Version:  Enterprise  64-bit
2:00:56 PM  [main] 	XAMPP Version: ???
2:00:56 PM  [main] 	Control Panel Version: 3.2.2  [ Compiled: Nov 12th 2015 ]
2:00:56 PM  [main] 	You are not running with administrator rights! This will work for
2:00:56 PM  [main] 	most application stuff but whenever you do something with services
2:00:56 PM  [main] 	there will be a security dialogue or things will break! So think 
2:00:56 PM  [main] 	about running this application with administrator rights!
2:00:56 PM  [main] 	XAMPP Installation Directory: "c:\wizardawn\"
2:00:56 PM  [main] 	Checking for prerequisites
2:00:56 PM  [main] 	All prerequisites found
2:00:56 PM  [main] 	Initializing Modules
2:00:56 PM  [main] 	The FileZilla module is disabled
2:00:56 PM  [main] 	The Mercury module is disabled
2:00:56 PM  [main] 	The Tomcat module is disabled
2:00:56 PM  [main] 	Enabling autostart for module "Apache"
2:00:56 PM  [main] 	Enabling autostart for module "MySQL"
2:00:56 PM  [main] 	Starting Check-Timer
2:00:56 PM  [main] 	Control Panel Ready
2:00:56 PM  [Apache] 	Autostart active: starting...
2:00:56 PM  [Apache] 	Attempting to start Apache app...
2:00:56 PM  [mysql] 	Autostart active: starting...
2:00:56 PM  [mysql] 	Attempting to start MySQL app...
2:00:57 PM  [Apache] 	Status change detected: running
2:00:57 PM  [mysql] 	Status change detected: running
2:00:59 PM  [mysql] 	Status change detected: stopped
2:00:59 PM  [mysql] 	Error: MySQL shutdown unexpectedly.
2:00:59 PM  [mysql] 	This may be due to a blocked port, missing dependencies, 
2:00:59 PM  [mysql] 	improper privileges, a crash, or a shutdown by another method.
2:00:59 PM  [mysql] 	Press the Logs button to view error logs and check
2:00:59 PM  [mysql] 	the Windows Event Viewer for more clues
2:01:00 PM  [mysql] 	If you need more help, copy and post this
2:01:00 PM  [mysql] 	entire log window on the forums
2:01:18 PM  [Apache] 	Attempting to stop Apache (PID: 7036)
2:01:18 PM  [Apache] 	Attempting to stop Apache (PID: 9704)
2:01:18 PM  [Apache] 	Status change detected: stopped
2:01:19 PM  [main] 	Deinitializing Modules
2:01:19 PM  [main] 	Deinitializing Control Panel

2:01:43 PM  [main] 	Initializing Control Panel
2:01:43 PM  [main] 	Windows Version:  Enterprise  64-bit
2:01:43 PM  [main] 	XAMPP Version: ???
2:01:43 PM  [main] 	Control Panel Version: 3.2.2  [ Compiled: Nov 12th 2015 ]
2:01:43 PM  [main] 	You are not running with administrator rights! This will work for
2:01:43 PM  [main] 	most application stuff but whenever you do something with services
2:01:43 PM  [main] 	there will be a security dialogue or things will break! So think 
2:01:43 PM  [main] 	about running this application with administrator rights!
2:01:43 PM  [main] 	XAMPP Installation Directory: "c:\wizardawn\"
2:01:43 PM  [main] 	Checking for prerequisites
2:01:44 PM  [main] 	All prerequisites found
2:01:44 PM  [main] 	Initializing Modules
2:01:44 PM  [main] 	The FileZilla module is disabled
2:01:44 PM  [main] 	The Mercury module is disabled
2:01:44 PM  [main] 	The Tomcat module is disabled
2:01:44 PM  [main] 	Enabling autostart for module "Apache"
2:01:44 PM  [main] 	Enabling autostart for module "MySQL"
2:01:44 PM  [main] 	Starting Check-Timer
2:01:44 PM  [main] 	Control Panel Ready
2:01:44 PM  [Apache] 	Autostart active: starting...
2:01:44 PM  [Apache] 	Attempting to start Apache app...
2:01:44 PM  [mysql] 	Autostart active: starting...
2:01:44 PM  [mysql] 	Attempting to start MySQL app...
2:01:45 PM  [Apache] 	Status change detected: running
2:01:45 PM  [mysql] 	Status change detected: running
2:02:00 PM  [mysql] 	Attempting to stop MySQL app...
2:02:00 PM  [mysql] 	Status change detected: stopped
2:02:01 PM  [Apache] 	Attempting to stop Apache (PID: 13580)
2:02:01 PM  [Apache] 	Attempting to stop Apache (PID: 2428)
2:02:01 PM  [Apache] 	Status change detected: stopped
2:02:02 PM  [main] 	Deinitializing Modules
2:02:02 PM  [main] 	Deinitializing Control Panel

2:03:51 PM  [main] 	Initializing Control Panel
2:03:51 PM  [main] 	Windows Version:  Enterprise  64-bit
2:03:51 PM  [main] 	XAMPP Version: ???
2:03:51 PM  [main] 	Control Panel Version: 3.2.2  [ Compiled: Nov 12th 2015 ]
2:03:51 PM  [main] 	You are not running with administrator rights! This will work for
2:03:51 PM  [main] 	most application stuff but whenever you do something with services
2:03:51 PM  [main] 	there will be a security dialogue or things will break! So think 
2:03:51 PM  [main] 	about running this application with administrator rights!
2:03:51 PM  [main] 	XAMPP Installation Directory: "c:\wizardawn\"
2:03:51 PM  [main] 	Checking for prerequisites
2:03:51 PM  [main] 	All prerequisites found
2:03:51 PM  [main] 	Initializing Modules
2:03:51 PM  [main] 	The FileZilla module is disabled
2:03:51 PM  [main] 	The Mercury module is disabled
2:03:51 PM  [main] 	The Tomcat module is disabled
2:03:51 PM  [main] 	Enabling autostart for module "Apache"
2:03:51 PM  [main] 	Enabling autostart for module "MySQL"
2:03:51 PM  [main] 	Starting Check-Timer
2:03:51 PM  [main] 	Control Panel Ready
2:03:52 PM  [Apache] 	Autostart active: starting...
2:03:52 PM  [Apache] 	Attempting to start Apache app...
2:03:52 PM  [mysql] 	Autostart active: starting...
2:03:52 PM  [mysql] 	Attempting to start MySQL app...
2:03:52 PM  [Apache] 	Status change detected: running
2:03:52 PM  [mysql] 	Status change detected: running
2:50:35 PM  [mysql] 	Attempting to stop MySQL app...
2:50:36 PM  [mysql] 	Status change detected: stopped
2:50:39 PM  [mysql] 	Attempting to start MySQL app...
2:50:39 PM  [mysql] 	Status change detected: running
2:52:01 PM  [mysql] 	Attempting to stop MySQL app...
2:52:01 PM  [mysql] 	Status change detected: stopped
2:52:01 PM  [Apache] 	Attempting to stop Apache (PID: 268)
2:52:01 PM  [Apache] 	Attempting to stop Apache (PID: 2108)
2:52:02 PM  [Apache] 	Status change detected: stopped
2:52:02 PM  [main] 	Deinitializing Modules
2:52:02 PM  [main] 	Deinitializing Control Panel

2:52:11 PM  [main] 	Initializing Control Panel
2:52:11 PM  [main] 	Windows Version:  Enterprise  64-bit
2:52:11 PM  [main] 	XAMPP Version: ???
2:52:11 PM  [main] 	Control Panel Version: 3.2.2  [ Compiled: Nov 12th 2015 ]
2:52:11 PM  [main] 	You are not running with administrator rights! This will work for
2:52:11 PM  [main] 	most application stuff but whenever you do something with services
2:52:11 PM  [main] 	there will be a security dialogue or things will break! So think 
2:52:11 PM  [main] 	about running this application with administrator rights!
2:52:11 PM  [main] 	XAMPP Installation Directory: "c:\wizardawn\"
2:52:11 PM  [main] 	Checking for prerequisites
2:52:11 PM  [main] 	All prerequisites found
2:52:11 PM  [main] 	Initializing Modules
2:52:11 PM  [main] 	The FileZilla module is disabled
2:52:11 PM  [main] 	The Mercury module is disabled
2:52:11 PM  [main] 	The Tomcat module is disabled
2:52:11 PM  [main] 	Enabling autostart for module "Apache"
2:52:11 PM  [main] 	Enabling autostart for module "MySQL"
2:52:11 PM  [main] 	Starting Check-Timer
2:52:11 PM  [main] 	Control Panel Ready
2:52:12 PM  [Apache] 	Autostart active: starting...
2:52:12 PM  [Apache] 	Attempting to start Apache app...
2:52:12 PM  [mysql] 	Autostart active: starting...
2:52:12 PM  [mysql] 	Attempting to start MySQL app...
2:52:12 PM  [Apache] 	Status change detected: running
2:52:12 PM  [mysql] 	Status change detected: running
2:58:58 PM  [mysql] 	Attempting to stop MySQL app...
2:58:58 PM  [mysql] 	Status change detected: stopped
2:58:59 PM  [Apache] 	Attempting to stop Apache (PID: 10672)
2:58:59 PM  [Apache] 	Attempting to stop Apache (PID: 4012)
2:58:59 PM  [Apache] 	Status change detected: stopped
2:59:02 PM  [mysql] 	Attempting to start MySQL app...
2:59:02 PM  [mysql] 	Status change detected: running
2:59:03 PM  [Apache] 	Attempting to start Apache app...
2:59:03 PM  [Apache] 	Status change detected: running
4:25:15 PM  [mysql] 	Attempting to stop MySQL app...
4:25:15 PM  [mysql] 	Status change detected: stopped
4:25:15 PM  [Apache] 	Attempting to stop Apache (PID: 3704)
4:25:15 PM  [Apache] 	Attempting to stop Apache (PID: 3532)
4:25:16 PM  [Apache] 	Status change detected: stopped
4:25:16 PM  [main] 	Deinitializing Modules
4:25:16 PM  [main] 	Deinitializing Control Panel

5:41:45 PM  [main] 	Initializing Control Panel
5:41:45 PM  [main] 	Windows Version:  Enterprise  64-bit
5:41:45 PM  [main] 	XAMPP Version: ???
5:41:45 PM  [main] 	Control Panel Version: 3.2.2  [ Compiled: Nov 12th 2015 ]
5:41:45 PM  [main] 	You are not running with administrator rights! This will work for
5:41:45 PM  [main] 	most application stuff but whenever you do something with services
5:41:45 PM  [main] 	there will be a security dialogue or things will break! So think 
5:41:45 PM  [main] 	about running this application with administrator rights!
5:41:45 PM  [main] 	XAMPP Installation Directory: "c:\wizardawn\"
5:41:45 PM  [main] 	Checking for prerequisites
5:41:46 PM  [main] 	All prerequisites found
5:41:46 PM  [main] 	Initializing Modules
5:41:46 PM  [main] 	The FileZilla module is disabled
5:41:46 PM  [main] 	The Mercury module is disabled
5:41:46 PM  [main] 	The Tomcat module is disabled
5:41:46 PM  [main] 	Enabling autostart for module "Apache"
5:41:46 PM  [main] 	Enabling autostart for module "MySQL"
5:41:46 PM  [main] 	Starting Check-Timer
5:41:46 PM  [main] 	Control Panel Ready
5:41:47 PM  [Apache] 	Autostart active: starting...
5:41:47 PM  [Apache] 	Attempting to start Apache app...
5:41:47 PM  [mysql] 	Autostart active: starting...
5:41:47 PM  [mysql] 	Attempting to start MySQL app...
5:41:47 PM  [Apache] 	Status change detected: running
5:41:47 PM  [mysql] 	Status change detected: running
5:57:00 PM  [Apache] 	Attempting to stop Apache (PID: 14236)
5:57:00 PM  [Apache] 	Attempting to stop Apache (PID: 12684)
5:57:01 PM  [Apache] 	Status change detected: stopped
5:57:02 PM  [Apache] 	Attempting to start Apache app...
5:57:02 PM  [Apache] 	Status change detected: running
5:57:19 PM  [Apache] 	Attempting to stop Apache (PID: 2636)
5:57:19 PM  [Apache] 	Attempting to stop Apache (PID: 7492)
5:57:20 PM  [Apache] 	Status change detected: stopped
5:57:21 PM  [mysql] 	Attempting to stop MySQL app...
5:57:21 PM  [mysql] 	Status change detected: stopped
5:57:22 PM  [mysql] 	Attempting to start MySQL app...
5:57:22 PM  [mysql] 	Status change detected: running
5:57:24 PM  [Apache] 	Attempting to start Apache app...
5:57:24 PM  [Apache] 	Status change detected: running
6:57:24 PM  [mysql] 	Attempting to stop MySQL app...
6:57:25 PM  [mysql] 	Status change detected: stopped
6:57:25 PM  [Apache] 	Attempting to stop Apache (PID: 2172)
6:57:25 PM  [Apache] 	Attempting to stop Apache (PID: 6320)
6:57:25 PM  [Apache] 	Status change detected: stopped
6:57:26 PM  [mysql] 	Attempting to start MySQL app...
6:57:26 PM  [mysql] 	Status change detected: running
6:57:28 PM  [Apache] 	Attempting to start Apache app...
6:57:28 PM  [Apache] 	Status change detected: running
7:09:16 PM  [mysql] 	Attempting to stop MySQL app...
7:09:16 PM  [mysql] 	Status change detected: stopped
7:09:17 PM  [Apache] 	Attempting to stop Apache (PID: 10804)
7:09:17 PM  [Apache] 	Attempting to stop Apache (PID: 4636)
7:09:17 PM  [Apache] 	Status change detected: stopped
7:09:18 PM  [main] 	Deinitializing Modules
7:09:18 PM  [main] 	Deinitializing Control Panel

7:11:10 PM  [main] 	Initializing Control Panel
7:11:10 PM  [main] 	Windows Version:  Enterprise  64-bit
7:11:10 PM  [main] 	XAMPP Version: ???
7:11:10 PM  [main] 	Control Panel Version: 3.2.2  [ Compiled: Nov 12th 2015 ]
7:11:10 PM  [main] 	You are not running with administrator rights! This will work for
7:11:10 PM  [main] 	most application stuff but whenever you do something with services
7:11:10 PM  [main] 	there will be a security dialogue or things will break! So think 
7:11:10 PM  [main] 	about running this application with administrator rights!
7:11:10 PM  [main] 	XAMPP Installation Directory: "c:\wizardawn\"
7:11:10 PM  [main] 	Checking for prerequisites
7:11:11 PM  [main] 	All prerequisites found
7:11:11 PM  [main] 	Initializing Modules
7:11:11 PM  [main] 	The FileZilla module is disabled
7:11:11 PM  [main] 	The Mercury module is disabled
7:11:11 PM  [main] 	The Tomcat module is disabled
7:11:11 PM  [main] 	Enabling autostart for module "Apache"
7:11:11 PM  [main] 	Enabling autostart for module "MySQL"
7:11:11 PM  [main] 	Starting Check-Timer
7:11:11 PM  [main] 	Control Panel Ready
7:11:11 PM  [Apache] 	Autostart active: starting...
7:11:11 PM  [Apache] 	Attempting to start Apache app...
7:11:11 PM  [mysql] 	Autostart active: starting...
7:11:11 PM  [mysql] 	Attempting to start MySQL app...
7:11:12 PM  [Apache] 	Status change detected: running
7:11:12 PM  [mysql] 	Status change detected: running
7:12:48 PM  [mysql] 	Attempting to stop MySQL app...
7:12:48 PM  [mysql] 	Status change detected: stopped
7:12:49 PM  [Apache] 	Attempting to stop Apache (PID: 628)
7:12:49 PM  [Apache] 	Attempting to stop Apache (PID: 9500)
7:12:50 PM  [Apache] 	Status change detected: stopped
7:12:58 PM  [main] 	Deinitializing Modules
7:12:58 PM  [main] 	Deinitializing Control Panel

7:13:50 AM  [main] 	Initializing Control Panel
7:13:50 AM  [main] 	Windows Version:  Enterprise  64-bit
7:13:50 AM  [main] 	XAMPP Version: ???
7:13:50 AM  [main] 	Control Panel Version: 3.2.2  [ Compiled: Nov 12th 2015 ]
7:13:50 AM  [main] 	You are not running with administrator rights! This will work for
7:13:50 AM  [main] 	most application stuff but whenever you do something with services
7:13:50 AM  [main] 	there will be a security dialogue or things will break! So think 
7:13:50 AM  [main] 	about running this application with administrator rights!
7:13:50 AM  [main] 	XAMPP Installation Directory: "c:\wizardawn\"
7:13:50 AM  [main] 	Checking for prerequisites
7:13:50 AM  [main] 	All prerequisites found
7:13:50 AM  [main] 	Initializing Modules
7:13:50 AM  [main] 	The FileZilla module is disabled
7:13:50 AM  [main] 	The Mercury module is disabled
7:13:50 AM  [main] 	The Tomcat module is disabled
7:13:50 AM  [main] 	Enabling autostart for module "Apache"
7:13:50 AM  [main] 	Enabling autostart for module "MySQL"
7:13:50 AM  [main] 	Starting Check-Timer
7:13:50 AM  [main] 	Control Panel Ready
7:13:51 AM  [Apache] 	Autostart active: starting...
7:13:51 AM  [Apache] 	Attempting to start Apache app...
7:13:51 AM  [mysql] 	Autostart active: starting...
7:13:51 AM  [mysql] 	Attempting to start MySQL app...
7:13:51 AM  [Apache] 	Status change detected: running
7:13:51 AM  [mysql] 	Status change detected: running
7:15:26 AM  [mysql] 	Attempting to stop MySQL app...
7:15:26 AM  [mysql] 	Status change detected: stopped
7:15:27 AM  [Apache] 	Attempting to stop Apache (PID: 12128)
7:15:27 AM  [Apache] 	Attempting to stop Apache (PID: 2440)
7:15:27 AM  [Apache] 	Status change detected: stopped
7:15:28 AM  [main] 	Deinitializing Modules
7:15:28 AM  [main] 	Deinitializing Control Panel

